<?xml version="1.0" encoding="UTF-8"?>
<testsuite name="com.herron.exchange.tradingengine.server.matchingengine.model.FifoOrderbookTest" tests="9" skipped="0" failures="0" errors="0" timestamp="2022-12-29T20:17:07" hostname="christopher-XPS-15-9570" time="0.056">
  <properties/>
  <testcase name="testVolumeAtLevel()" classname="com.herron.exchange.tradingengine.server.matchingengine.model.FifoOrderbookTest" time="0.022"/>
  <testcase name="testBestPriceAfterInsertOrders()" classname="com.herron.exchange.tradingengine.server.matchingengine.model.FifoOrderbookTest" time="0.003"/>
  <testcase name="testAddToOrderBook()" classname="com.herron.exchange.tradingengine.server.matchingengine.model.FifoOrderbookTest" time="0.003"/>
  <testcase name="testBestPriceAfterRemoveOrder()" classname="com.herron.exchange.tradingengine.server.matchingengine.model.FifoOrderbookTest" time="0.001"/>
  <testcase name="testRemoveFromOrderBook()" classname="com.herron.exchange.tradingengine.server.matchingengine.model.FifoOrderbookTest" time="0.001"/>
  <testcase name="testMatchingAlgorithmSamePriceLevel()" classname="com.herron.exchange.tradingengine.server.matchingengine.model.FifoOrderbookTest" time="0.014"/>
  <testcase name="testUpdateOrderBook()" classname="com.herron.exchange.tradingengine.server.matchingengine.model.FifoOrderbookTest" time="0.001"/>
  <testcase name="testVolume()" classname="com.herron.exchange.tradingengine.server.matchingengine.model.FifoOrderbookTest" time="0.001"/>
  <testcase name="testMatchingAlgorithmSelfMatch()" classname="com.herron.exchange.tradingengine.server.matchingengine.model.FifoOrderbookTest" time="0.002"/>
  <system-out><![CDATA[]]></system-out>
  <system-err><![CDATA[]]></system-err>
</testsuite>
