<?xml version="1.0" encoding="UTF-8"?>
<testsuite name="com.herron.exchange.tradingengine.server.matchingengine.model.FifoOrderbookTest" tests="9" skipped="0" failures="0" errors="0" timestamp="2022-12-30T17:04:10" hostname="christopher-XPS-15-9570" time="0.117">
  <properties/>
  <testcase name="testVolumeAtLevel()" classname="com.herron.exchange.tradingengine.server.matchingengine.model.FifoOrderbookTest" time="0.049"/>
  <testcase name="testBestPriceAfterInsertOrders()" classname="com.herron.exchange.tradingengine.server.matchingengine.model.FifoOrderbookTest" time="0.003"/>
  <testcase name="testAddToOrderBook()" classname="com.herron.exchange.tradingengine.server.matchingengine.model.FifoOrderbookTest" time="0.004"/>
  <testcase name="testBestPriceAfterRemoveOrder()" classname="com.herron.exchange.tradingengine.server.matchingengine.model.FifoOrderbookTest" time="0.002"/>
  <testcase name="testRemoveFromOrderBook()" classname="com.herron.exchange.tradingengine.server.matchingengine.model.FifoOrderbookTest" time="0.006"/>
  <testcase name="testMatchingAlgorithmSamePriceLevel()" classname="com.herron.exchange.tradingengine.server.matchingengine.model.FifoOrderbookTest" time="0.025"/>
  <testcase name="testUpdateOrderBook()" classname="com.herron.exchange.tradingengine.server.matchingengine.model.FifoOrderbookTest" time="0.003"/>
  <testcase name="testVolume()" classname="com.herron.exchange.tradingengine.server.matchingengine.model.FifoOrderbookTest" time="0.001"/>
  <testcase name="testMatchingAlgorithmSelfMatch()" classname="com.herron.exchange.tradingengine.server.matchingengine.model.FifoOrderbookTest" time="0.004"/>
  <system-out><![CDATA[]]></system-out>
  <system-err><![CDATA[]]></system-err>
</testsuite>
